

===========================<<<< 2025-09-06 18:18:35 PM >>>>=======================

* Heading: 6.5_nested_tokens 
* Current Page: https://korbex.co/wp-admin/plugins.php?action=activate&plugin=uncanny-automatoruncanny-automator.php&_wpnonce=95bdff99db 

===========================<<<< TRACE MESSAGE START >>>>=========================

Starting the migration

===========================<<<< TRACE MESSAGE END >>>>==========================




===========================<<<< 2025-09-06 18:18:35 PM >>>>=======================

* Heading: 6.5_nested_tokens 
* Current Page: https://korbex.co/wp-admin/plugins.php?action=activate&plugin=uncanny-automatoruncanny-automator.php&_wpnonce=95bdff99db 

===========================<<<< TRACE MESSAGE START >>>>=========================

Migration completed

===========================<<<< TRACE MESSAGE END >>>>==========================




===========================<<<< 2025-09-06 18:18:35 PM >>>>=======================

* Heading: 66_migrate_option_types 
* Current Page: https://korbex.co/wp-admin/plugins.php?action=activate&plugin=uncanny-automatoruncanny-automator.php&_wpnonce=95bdff99db 

===========================<<<< TRACE MESSAGE START >>>>=========================

Starting the migration

===========================<<<< TRACE MESSAGE END >>>>==========================




===========================<<<< 2025-09-06 18:18:35 PM >>>>=======================

* Heading: 66_migrate_option_types 
* Current Page: https://korbex.co/wp-admin/plugins.php?action=activate&plugin=uncanny-automatoruncanny-automator.php&_wpnonce=95bdff99db 

===========================<<<< TRACE MESSAGE START >>>>=========================

Migration completed

===========================<<<< TRACE MESSAGE END >>>>==========================




===========================<<<< 2025-09-06 18:18:53 PM >>>>=======================

* Heading: 6.5_nested_tokens_pro 
* Current Page: https://korbex.co/wp-admin/plugins.php?action=activate&plugin=uncanny-automator-prouncanny-automator-pro.php&_wpnonce=a903b19fc8 

===========================<<<< TRACE MESSAGE START >>>>=========================

Starting the migration

===========================<<<< TRACE MESSAGE END >>>>==========================




===========================<<<< 2025-09-06 18:18:53 PM >>>>=======================

* Heading: 6.5_nested_tokens_pro 
* Current Page: https://korbex.co/wp-admin/plugins.php?action=activate&plugin=uncanny-automator-prouncanny-automator-pro.php&_wpnonce=a903b19fc8 

===========================<<<< TRACE MESSAGE START >>>>=========================

Migration completed

===========================<<<< TRACE MESSAGE END >>>>==========================


