

===========================<<<< 2025-08-17 02:51:04 AM >>>>=======================

* Heading: 6.5_nested_tokens 
* Current Page: https://wp.fn4ever.online/wp-admin/plugins.php?_wpnonce=f67d31a8fc&action=activate&plugin=uncanny-automatoruncanny-automator.php 

===========================<<<< TRACE MESSAGE START >>>>=========================

Starting the migration

===========================<<<< TRACE MESSAGE END >>>>==========================




===========================<<<< 2025-08-17 02:51:04 AM >>>>=======================

* Heading: 6.5_nested_tokens 
* Current Page: https://wp.fn4ever.online/wp-admin/plugins.php?_wpnonce=f67d31a8fc&action=activate&plugin=uncanny-automatoruncanny-automator.php 

===========================<<<< TRACE MESSAGE START >>>>=========================

Migration completed

===========================<<<< TRACE MESSAGE END >>>>==========================




===========================<<<< 2025-08-17 02:51:04 AM >>>>=======================

* Heading: 66_migrate_option_types 
* Current Page: https://wp.fn4ever.online/wp-admin/plugins.php?_wpnonce=f67d31a8fc&action=activate&plugin=uncanny-automatoruncanny-automator.php 

===========================<<<< TRACE MESSAGE START >>>>=========================

Starting the migration

===========================<<<< TRACE MESSAGE END >>>>==========================




===========================<<<< 2025-08-17 02:51:04 AM >>>>=======================

* Heading: 66_migrate_option_types 
* Current Page: https://wp.fn4ever.online/wp-admin/plugins.php?_wpnonce=f67d31a8fc&action=activate&plugin=uncanny-automatoruncanny-automator.php 

===========================<<<< TRACE MESSAGE START >>>>=========================

Migration completed

===========================<<<< TRACE MESSAGE END >>>>==========================




===========================<<<< 2025-08-17 02:53:03 AM >>>>=======================

* Heading: 6.5_nested_tokens_pro 
* Current Page: https://wp.fn4ever.online/wp-admin/plugins.php?action=activate&plugin=uncanny-automator-prouncanny-automator-pro.php&plugin_status=all&paged=1&s&_wpnonce=00b947c5d5 

===========================<<<< TRACE MESSAGE START >>>>=========================

Starting the migration

===========================<<<< TRACE MESSAGE END >>>>==========================




===========================<<<< 2025-08-17 02:53:03 AM >>>>=======================

* Heading: 6.5_nested_tokens_pro 
* Current Page: https://wp.fn4ever.online/wp-admin/plugins.php?action=activate&plugin=uncanny-automator-prouncanny-automator-pro.php&plugin_status=all&paged=1&s&_wpnonce=00b947c5d5 

===========================<<<< TRACE MESSAGE START >>>>=========================

Migration completed

===========================<<<< TRACE MESSAGE END >>>>==========================


